Traceback (most recent call last):
  File "/home/danbot/Documents/code/data_analysis/lib/python3.8/site-packages/jupyter_cache/executors/utils.py", line 51, in single_nb_execution
    executenb(
  File "/home/danbot/Documents/code/data_analysis/lib/python3.8/site-packages/nbclient/client.py", line 1112, in execute
    return NotebookClient(nb=nb, resources=resources, km=km, **kwargs).execute()
  File "/home/danbot/Documents/code/data_analysis/lib/python3.8/site-packages/nbclient/util.py", line 74, in wrapped
    return just_run(coro(*args, **kwargs))
  File "/home/danbot/Documents/code/data_analysis/lib/python3.8/site-packages/nbclient/util.py", line 53, in just_run
    return loop.run_until_complete(coro)
  File "/usr/lib/python3.8/asyncio/base_events.py", line 616, in run_until_complete
    return future.result()
  File "/home/danbot/Documents/code/data_analysis/lib/python3.8/site-packages/nbclient/client.py", line 553, in async_execute
    await self.async_execute_cell(
  File "/home/danbot/Documents/code/data_analysis/lib/python3.8/site-packages/nbclient/client.py", line 857, in async_execute_cell
    self._check_raise_for_error(cell, exec_reply)
  File "/home/danbot/Documents/code/data_analysis/lib/python3.8/site-packages/nbclient/client.py", line 760, in _check_raise_for_error
    raise CellExecutionError.from_cell_and_msg(cell, exec_reply_content)
nbclient.exceptions.CellExecutionError: An error occurred while executing the following cell:
------------------
import numpy_financial as npf

mean_annual_energy = total_energy * 1000 # Total CPC energy contracts, GWh/year, convert to MWh/year
avg_contract_price = 100 #$100/MWh

# mean annual costs for 20 year contract, all projects
annual_costs = [mean_annual_energy * avg_contract_price for y in range(20)]

# calculate the net present value of the EPA contracts
npv = npf.npv(rate=0.05, values=annual_costs)
print(f'The NPV of the 2007 CPC is ${npv/1E9:.1f}B')

unit_energy_npv = npv / (mean_annual_energy)
print(f'The present value unit cost of {mean_annual_energy/1E3:.0f} GWh annual energy supply from the CPC is ${unit_energy_npv:.0f}$/MWh.')
------------------

[0;31m---------------------------------------------------------------------------[0m
[0;31mModuleNotFoundError[0m                       Traceback (most recent call last)
[0;32m<ipython-input-7-83cc0f837eb8>[0m in [0;36m<module>[0;34m[0m
[0;32m----> 1[0;31m [0;32mimport[0m [0mnumpy_financial[0m [0;32mas[0m [0mnpf[0m[0;34m[0m[0;34m[0m[0m
[0m[1;32m      2[0m [0;34m[0m[0m
[1;32m      3[0m [0mmean_annual_energy[0m [0;34m=[0m [0mtotal_energy[0m [0;34m*[0m [0;36m1000[0m [0;31m# Total CPC energy contracts, GWh/year, convert to MWh/year[0m[0;34m[0m[0;34m[0m[0m
[1;32m      4[0m [0mavg_contract_price[0m [0;34m=[0m [0;36m100[0m [0;31m#$100/MWh[0m[0;34m[0m[0;34m[0m[0m
[1;32m      5[0m [0;34m[0m[0m

[0;31mModuleNotFoundError[0m: No module named 'numpy_financial'
ModuleNotFoundError: No module named 'numpy_financial'

